<?xml version="1.0" encoding="UTF-8"?>
<testng-results ignored="0" total="1" passed="1" failed="0" skipped="0">
  <reporter-output>
  </reporter-output>
  <suite started-at="2022-08-03T23:08:00 IST" name="Suite" finished-at="2022-08-03T23:08:19 IST" duration-ms="18535">
    <groups>
    </groups>
    <test started-at="2022-08-03T23:08:00 IST" name="Test" finished-at="2022-08-03T23:08:19 IST" duration-ms="18535">
      <class name="ALL.Data">
        <test-method signature="login()[pri:0, instance:ALL.Data@67c27493]" started-at="2022-08-03T23:08:01 IST" name="login" finished-at="2022-08-03T23:08:19 IST" duration-ms="18497" status="PASS">
          <reporter-output>
          </reporter-output>
        </test-method> <!-- login -->
      </class> <!-- ALL.Data -->
    </test> <!-- Test -->
  </suite> <!-- Suite -->
</testng-results>
